{"contracts/NftMarketplace.sol":{"l":{"54":0,"55":0,"56":0,"58":0,"62":0,"63":0,"64":0,"65":0,"67":0,"71":0,"72":0,"73":0,"75":0,"91":0,"92":0,"97":0,"98":0,"99":0,"101":0,"102":0,"106":0,"107":0,"108":0,"115":0,"116":0,"117":0,"119":0,"123":0,"124":0,"132":0,"133":0,"137":0,"138":0,"139":0,"141":0,"142":0,"143":0,"144":0,"153":0,"157":0},"path":"/mnt/c/Users/user/hardhat-nft-marketplace/contracts/NftMarketplace.sol","s":{"1":0,"2":0,"3":0,"4":0,"5":0,"6":0,"7":0,"8":0,"9":0,"10":0,"11":0,"12":0,"13":0,"14":0,"15":0,"16":0,"17":0,"18":0,"19":0,"20":0,"21":0,"22":0,"23":0},"b":{"1":[0,0],"2":[0,0],"3":[0,0],"4":[0,0],"5":[0,0],"6":[0,0],"7":[0,0],"8":[0,0],"9":[0,0],"10":[0,0],"11":[0,0],"12":[0,0],"13":[0,0],"14":[0,0],"15":[0,0],"16":[0,0]},"f":{"1":0,"2":0,"3":0,"4":0,"5":0,"6":0,"7":0,"8":0,"9":0,"10":0},"fnMap":{"1":{"name":"notListed","line":53,"loc":{"start":{"line":53,"column":0},"end":{"line":59,"column":0}}},"2":{"name":"isOwner","line":61,"loc":{"start":{"line":61,"column":0},"end":{"line":68,"column":0}}},"3":{"name":"isListed","line":70,"loc":{"start":{"line":70,"column":0},"end":{"line":76,"column":0}}},"4":{"name":"listItem","line":90,"loc":{"start":{"line":90,"column":0},"end":{"line":103,"column":0}}},"5":{"name":"buyItem","line":105,"loc":{"start":{"line":105,"column":5},"end":{"line":120,"column":5}}},"6":{"name":"cancelListing","line":122,"loc":{"start":{"line":122,"column":5},"end":{"line":125,"column":5}}},"7":{"name":"updateListing","line":131,"loc":{"start":{"line":127,"column":5},"end":{"line":134,"column":5}}},"8":{"name":"withdrawProceeds","line":136,"loc":{"start":{"line":136,"column":5},"end":{"line":146,"column":5}}},"9":{"name":"getListing","line":152,"loc":{"start":{"line":152,"column":8},"end":{"line":154,"column":8}}},"10":{"name":"getProceeds","line":156,"loc":{"start":{"line":156,"column":8},"end":{"line":158,"column":8}}}},"statementMap":{"1":{"start":{"line":54,"column":4},"end":{"line":54,"column":60}},"2":{"start":{"line":55,"column":4},"end":{"line":55,"column":1632}},"3":{"start":{"line":62,"column":4},"end":{"line":62,"column":37}},"4":{"start":{"line":63,"column":4},"end":{"line":63,"column":40}},"5":{"start":{"line":64,"column":4},"end":{"line":64,"column":1898}},"6":{"start":{"line":71,"column":4},"end":{"line":71,"column":60}},"7":{"start":{"line":72,"column":4},"end":{"line":72,"column":2104}},"8":{"start":{"line":91,"column":4},"end":{"line":91,"column":2804}},"9":{"start":{"line":97,"column":4},"end":{"line":97,"column":37}},"10":{"start":{"line":98,"column":4},"end":{"line":98,"column":3111}},"11":{"start":{"line":102,"column":4},"end":{"line":102,"column":59}},"12":{"start":{"line":106,"column":8},"end":{"line":106,"column":67}},"13":{"start":{"line":107,"column":8},"end":{"line":107,"column":3558}},"14":{"start":{"line":117,"column":8},"end":{"line":117,"column":83}},"15":{"start":{"line":119,"column":8},"end":{"line":119,"column":74}},"16":{"start":{"line":124,"column":8},"end":{"line":124,"column":59}},"17":{"start":{"line":133,"column":8},"end":{"line":133,"column":66}},"18":{"start":{"line":137,"column":8},"end":{"line":137,"column":49}},"19":{"start":{"line":138,"column":8},"end":{"line":138,"column":4963}},"20":{"start":{"line":142,"column":8},"end":{"line":142,"column":72}},"21":{"start":{"line":143,"column":8},"end":{"line":143,"column":5161}},"22":{"start":{"line":153,"column":12},"end":{"line":153,"column":50}},"23":{"start":{"line":157,"column":12},"end":{"line":157,"column":37}}},"branchMap":{"1":{"line":55,"type":"if","locations":[{"start":{"line":55,"column":4},"end":{"line":55,"column":4}},{"start":{"line":55,"column":4},"end":{"line":55,"column":4}}]},"2":{"line":64,"type":"if","locations":[{"start":{"line":64,"column":4},"end":{"line":64,"column":4}},{"start":{"line":64,"column":4},"end":{"line":64,"column":4}}]},"3":{"line":72,"type":"if","locations":[{"start":{"line":72,"column":4},"end":{"line":72,"column":4}},{"start":{"line":72,"column":4},"end":{"line":72,"column":4}}]},"4":{"line":90,"type":"if","locations":[{"start":{"line":90,"column":79},"end":{"line":90,"column":79}},{"start":{"line":90,"column":79},"end":{"line":90,"column":79}}]},"5":{"line":90,"type":"if","locations":[{"start":{"line":90,"column":122},"end":{"line":90,"column":122}},{"start":{"line":90,"column":122},"end":{"line":90,"column":122}}]},"6":{"line":91,"type":"if","locations":[{"start":{"line":91,"column":4},"end":{"line":91,"column":4}},{"start":{"line":91,"column":4},"end":{"line":91,"column":4}}]},"7":{"line":98,"type":"if","locations":[{"start":{"line":98,"column":4},"end":{"line":98,"column":4}},{"start":{"line":98,"column":4},"end":{"line":98,"column":4}}]},"8":{"line":105,"type":"if","locations":[{"start":{"line":105,"column":76},"end":{"line":105,"column":76}},{"start":{"line":105,"column":76},"end":{"line":105,"column":76}}]},"9":{"line":105,"type":"if","locations":[{"start":{"line":105,"column":89},"end":{"line":105,"column":89}},{"start":{"line":105,"column":89},"end":{"line":105,"column":89}}]},"10":{"line":107,"type":"if","locations":[{"start":{"line":107,"column":8},"end":{"line":107,"column":8}},{"start":{"line":107,"column":8},"end":{"line":107,"column":8}}]},"11":{"line":122,"type":"if","locations":[{"start":{"line":122,"column":74},"end":{"line":122,"column":74}},{"start":{"line":122,"column":74},"end":{"line":122,"column":74}}]},"12":{"line":122,"type":"if","locations":[{"start":{"line":122,"column":115},"end":{"line":122,"column":115}},{"start":{"line":122,"column":115},"end":{"line":122,"column":115}}]},"13":{"line":131,"type":"if","locations":[{"start":{"line":131,"column":16},"end":{"line":131,"column":16}},{"start":{"line":131,"column":16},"end":{"line":131,"column":16}}]},"14":{"line":131,"type":"if","locations":[{"start":{"line":131,"column":46},"end":{"line":131,"column":46}},{"start":{"line":131,"column":46},"end":{"line":131,"column":46}}]},"15":{"line":138,"type":"if","locations":[{"start":{"line":138,"column":8},"end":{"line":138,"column":8}},{"start":{"line":138,"column":8},"end":{"line":138,"column":8}}]},"16":{"line":143,"type":"if","locations":[{"start":{"line":143,"column":8},"end":{"line":143,"column":8}},{"start":{"line":143,"column":8},"end":{"line":143,"column":8}}]}}},"contracts/test/BasicNft.sol":{"l":{"12":3,"16":1,"17":1,"22":0,"26":0},"path":"/mnt/c/Users/user/hardhat-nft-marketplace/contracts/test/BasicNft.sol","s":{"1":1,"2":0,"3":0},"b":{},"f":{"1":3,"2":1,"3":0,"4":0},"fnMap":{"1":{"name":"constructor","line":11,"loc":{"start":{"line":11,"column":4},"end":{"line":13,"column":4}}},"2":{"name":"mintNft","line":15,"loc":{"start":{"line":15,"column":4},"end":{"line":18,"column":4}}},"3":{"name":"tokenURI","line":20,"loc":{"start":{"line":20,"column":4},"end":{"line":23,"column":4}}},"4":{"name":"getTokenCounter","line":25,"loc":{"start":{"line":25,"column":4},"end":{"line":27,"column":4}}}},"statementMap":{"1":{"start":{"line":17,"column":8},"end":{"line":17,"column":44}},"2":{"start":{"line":22,"column":8},"end":{"line":22,"column":24}},"3":{"start":{"line":26,"column":8},"end":{"line":26,"column":29}}},"branchMap":{}}}